TN:
SF:src/index.ts
FNF:0
FNH:0
DA:1,0
DA:2,0
DA:3,0
LF:3
LH:0
BRF:0
BRH:0
end_of_record
TN:
SF:src/client/DomFetchProvider.ts
FN:3,(anonymous_0)
FNF:1
FNH:0
FNDA:0,(anonymous_0)
DA:2,0
DA:4,0
LF:2
LH:0
BRF:0
BRH:0
end_of_record
TN:
SF:src/client/index.ts
FNF:0
FNH:0
DA:1,0
DA:2,0
DA:3,0
DA:4,0
LF:4
LH:0
BRF:0
BRH:0
end_of_record
TN:
SF:src/core/apiCore.ts
FN:4,apiFactory
FN:5,perform
FN:41,(anonymous_2)
FN:46,(anonymous_3)
FN:51,(anonymous_4)
FN:56,(anonymous_5)
FNF:6
FNH:6
FNDA:14,apiFactory
FNDA:20,perform
FNDA:5,(anonymous_2)
FNDA:5,(anonymous_3)
FNDA:5,(anonymous_4)
FNDA:5,(anonymous_5)
DA:2,2
DA:3,2
DA:4,2
DA:7,20
DA:16,20
DA:22,20
DA:29,12
DA:30,8
DA:32,4
DA:33,4
DA:40,14
DA:41,5
DA:46,5
DA:51,5
DA:56,5
LF:15
LH:15
BRDA:11,0,0,0
BRDA:11,0,1,20
BRDA:11,1,0,20
BRDA:11,1,1,20
BRDA:12,2,0,0
BRDA:12,2,1,20
BRDA:12,3,0,20
BRDA:12,3,1,20
BRDA:13,4,0,0
BRDA:13,4,1,20
BRDA:13,5,0,20
BRDA:13,5,1,20
BRDA:16,6,0,10
BRDA:16,6,1,10
BRDA:16,7,0,20
BRDA:16,7,1,15
BRDA:29,8,0,8
BRDA:29,9,0,12
BRDA:29,9,1,10
BRDA:30,10,0,0
BRDA:30,10,1,8
BRDA:30,11,0,8
BRDA:30,11,1,8
BRDA:30,12,0,0
BRDA:30,12,1,8
BRDA:30,13,0,8
BRDA:30,13,1,8
BRF:27
BRH:22
end_of_record
TN:
SF:src/core/index.ts
FNF:0
FNH:0
DA:1,2
DA:2,2
DA:3,2
LF:3
LH:3
BRF:0
BRH:0
end_of_record
TN:
SF:src/core/settings.ts
FN:4,settings
FNF:1
FNH:1
FNDA:4,settings
DA:2,2
DA:4,2
DA:7,4
DA:8,4
DA:10,4
DA:11,4
DA:12,4
DA:14,4
DA:21,4
DA:22,2
DA:25,4
LF:11
LH:11
BRDA:5,0,0,0
BRDA:6,1,0,3
BRDA:7,2,0,2
BRDA:10,3,0,0
BRDA:10,3,1,4
BRDA:10,4,0,4
BRDA:10,4,1,4
BRDA:12,5,0,0
BRDA:12,5,1,4
BRDA:12,6,0,4
BRDA:12,6,1,4
BRDA:12,7,0,0
BRDA:12,7,1,4
BRDA:12,8,0,4
BRDA:12,8,1,4
BRDA:15,9,0,4
BRDA:15,9,1,0
BRDA:15,10,0,4
BRDA:15,10,1,4
BRDA:21,11,0,2
BRDA:21,12,0,4
BRDA:21,12,1,2
BRDA:21,12,2,2
BRDA:22,13,0,1
BRDA:22,13,1,1
BRF:25
BRH:20
end_of_record
TN:
SF:src/core/validationAuth.ts
FN:4,validationAuth
FNF:1
FNH:1
FNDA:32,validationAuth
DA:1,3
DA:4,3
DA:6,32
DA:7,8
DA:9,24
DA:10,6
LF:6
LH:6
BRDA:6,0,0,8
BRDA:6,1,0,32
BRDA:6,1,1,10
BRDA:6,2,0,10
BRDA:6,2,1,22
BRDA:6,3,0,32
BRDA:6,3,1,32
BRDA:6,4,0,4
BRDA:6,4,1,6
BRDA:6,5,0,10
BRDA:6,5,1,10
BRDA:9,6,0,6
BRDA:9,7,0,24
BRDA:9,7,1,8
BRDA:9,8,0,10
BRDA:9,8,1,14
BRDA:9,9,0,24
BRDA:9,9,1,24
BRDA:9,10,0,2
BRDA:9,10,1,6
BRDA:9,11,0,8
BRDA:9,11,1,8
BRF:22
BRH:22
end_of_record
TN:
SF:src/errors/ApiError.ts
FN:3,(anonymous_0)
FNF:1
FNH:1
FNDA:24,(anonymous_0)
DA:2,4
DA:4,24
DA:5,24
LF:3
LH:3
BRF:0
BRH:0
end_of_record
